DEBUG:root:calling and ending repo_find
INFO:root:path: {path}
DEBUG:root:calling Gitrepo constructor
INFO:root:<libwyag.GitRepository object at 0x76497adfdfd0>, /home/rahman/Documents/Automation scripts/python_code, False
DEBUG:root:calling repo_path
DEBUG:root:calling repo_path
DEBUG:root:calling repo_path
DEBUG:root:calling repo_path
DEBUG:root:calling repo_path
DEBUG:root:calling repo_path
DEBUG:root:calling repo_path
DEBUG:root:calling repo_path
DEBUG:root:calling repo_path
DEBUG:root:calling repo_path
DEBUG:root:calling repo_path
DEBUG:root:calling repo_path
DEBUG:root:calling repo_path
DEBUG:root:calling repo_path
DEBUG:root:calling repo_path
DEBUG:root:calling repo_path
DEBUG:root:calling repo_path
DEBUG:root:calling repo_path
DEBUG:root:calling and ending repo_find
INFO:root:path: {path}
DEBUG:root:calling Gitrepo constructor
INFO:root:<libwyag.GitRepository object at 0x771666c79700>, /home/rahman/Documents/Automation scripts/python_code, False
DEBUG:root:calling repo_path
DEBUG:root:calling repo_path
DEBUG:root:calling repo_path
DEBUG:root:calling repo_path
DEBUG:root:calling repo_path
DEBUG:root:calling repo_path
DEBUG:root:calling repo_path
DEBUG:root:calling repo_path
DEBUG:root:calling and ending repo_find
INFO:root:path: {path}
DEBUG:root:calling Gitrepo constructor
INFO:root:<libwyag.GitRepository object at 0x7dd4a3e0fd70>, /home/rahman/Documents/Automation scripts/python_code, False
DEBUG:root:calling repo_path
DEBUG:root:calling repo_path
DEBUG:root:calling repo_path
DEBUG:root:calling repo_path
DEBUG:root:calling repo_path
DEBUG:root:calling repo_path
DEBUG:root:calling repo_path
DEBUG:root:calling repo_path
DEBUG:root:calling and ending repo_find
INFO:root:path: {path}
DEBUG:root:calling Gitrepo constructor
INFO:root:<libwyag.GitRepository object at 0x708bc320fd70>, /home/rahman/Documents/Automation scripts/python_code, False
DEBUG:root:calling repo_path
DEBUG:root:calling repo_path
DEBUG:root:calling repo_path
DEBUG:root:calling repo_path
DEBUG:root:calling repo_path
DEBUG:root:calling repo_path
DEBUG:root:calling repo_path
DEBUG:root:calling repo_path
